  tugasasdos.cpp
D:\Nguli'ahh\Grafika Kom\tugas asdos\tugas asdos\tugasasdos.cpp(7,36): warning C4305: 'argument': truncation from 'double' to 'GLclampf'
D:\Nguli'ahh\Grafika Kom\tugas asdos\tugas asdos\tugasasdos.cpp(22,28): warning C4305: 'argument': truncation from 'double' to 'GLfloat'
D:\Nguli'ahh\Grafika Kom\tugas asdos\tugas asdos\tugasasdos.cpp(31,28): warning C4305: 'argument': truncation from 'double' to 'GLfloat'
D:\Nguli'ahh\Grafika Kom\tugas asdos\tugas asdos\tugasasdos.cpp(40,28): warning C4305: 'argument': truncation from 'double' to 'GLfloat'
D:\Nguli'ahh\Grafika Kom\tugas asdos\tugas asdos\tugasasdos.cpp(49,28): warning C4305: 'argument': truncation from 'double' to 'GLfloat'
D:\Nguli'ahh\Grafika Kom\tugas asdos\tugas asdos\tugasasdos.cpp(59,28): warning C4305: 'argument': truncation from 'double' to 'GLfloat'
D:\Nguli'ahh\Grafika Kom\tugas asdos\tugas asdos\tugasasdos.cpp(66,28): warning C4305: 'argument': truncation from 'double' to 'GLfloat'
D:\Nguli'ahh\Grafika Kom\tugas asdos\tugas asdos\tugasasdos.cpp(73,28): warning C4305: 'argument': truncation from 'double' to 'GLfloat'
D:\Nguli'ahh\Grafika Kom\tugas asdos\tugas asdos\tugasasdos.cpp(80,28): warning C4305: 'argument': truncation from 'double' to 'GLfloat'
D:\Nguli'ahh\Grafika Kom\tugas asdos\tugas asdos\tugasasdos.cpp(91,28): warning C4305: 'argument': truncation from 'double' to 'GLfloat'
D:\Nguli'ahh\Grafika Kom\tugas asdos\tugas asdos\tugasasdos.cpp(98,28): warning C4305: 'argument': truncation from 'double' to 'GLfloat'
D:\Nguli'ahh\Grafika Kom\tugas asdos\tugas asdos\tugasasdos.cpp(105,28): warning C4305: 'argument': truncation from 'double' to 'GLfloat'
D:\Nguli'ahh\Grafika Kom\tugas asdos\tugas asdos\tugasasdos.cpp(115,28): warning C4305: 'argument': truncation from 'double' to 'GLfloat'
D:\Nguli'ahh\Grafika Kom\tugas asdos\tugas asdos\tugasasdos.cpp(123,28): warning C4305: 'argument': truncation from 'double' to 'GLfloat'
D:\Nguli'ahh\Grafika Kom\tugas asdos\tugas asdos\tugasasdos.cpp(130,28): warning C4305: 'argument': truncation from 'double' to 'GLfloat'
D:\Nguli'ahh\Grafika Kom\tugas asdos\tugas asdos\tugasasdos.cpp(138,28): warning C4305: 'argument': truncation from 'double' to 'GLfloat'
D:\Nguli'ahh\Grafika Kom\tugas asdos\tugas asdos\tugasasdos.cpp(147,28): warning C4305: 'argument': truncation from 'double' to 'GLfloat'
D:\Nguli'ahh\Grafika Kom\tugas asdos\tugas asdos\tugasasdos.cpp(154,28): warning C4305: 'argument': truncation from 'double' to 'GLfloat'
D:\Nguli'ahh\Grafika Kom\tugas asdos\tugas asdos\tugasasdos.cpp(162,28): warning C4305: 'argument': truncation from 'double' to 'GLfloat'
D:\Nguli'ahh\Grafika Kom\tugas asdos\tugas asdos\tugasasdos.cpp(170,28): warning C4305: 'argument': truncation from 'double' to 'GLfloat'
D:\Nguli'ahh\Grafika Kom\tugas asdos\tugas asdos\tugasasdos.cpp(179,28): warning C4305: 'argument': truncation from 'double' to 'GLfloat'
D:\Nguli'ahh\Grafika Kom\tugas asdos\tugas asdos\tugasasdos.cpp(187,28): warning C4305: 'argument': truncation from 'double' to 'GLfloat'
D:\Nguli'ahh\Grafika Kom\tugas asdos\tugas asdos\tugasasdos.cpp(197,28): warning C4305: 'argument': truncation from 'double' to 'GLfloat'
D:\Nguli'ahh\Grafika Kom\tugas asdos\tugas asdos\tugasasdos.cpp(207,28): warning C4305: 'argument': truncation from 'double' to 'GLfloat'
D:\Nguli'ahh\Grafika Kom\tugas asdos\tugas asdos\tugasasdos.cpp(215,28): warning C4305: 'argument': truncation from 'double' to 'GLfloat'
D:\Nguli'ahh\Grafika Kom\tugas asdos\tugas asdos\tugasasdos.cpp(223,29): warning C4305: 'argument': truncation from 'double' to 'GLfloat'
D:\Nguli'ahh\Grafika Kom\tugas asdos\tugas asdos\tugasasdos.cpp(231,28): warning C4305: 'argument': truncation from 'double' to 'GLfloat'
D:\Nguli'ahh\Grafika Kom\tugas asdos\tugas asdos\tugasasdos.cpp(239,28): warning C4305: 'argument': truncation from 'double' to 'GLfloat'
  Generating code
  0 of 5 functions ( 0.0%) were compiled, the rest were copied from previous compilation.
    0 functions were new in current compilation
    0 functions had inline decision re-evaluated but remain unchanged
  Finished generating code
  tugas asdos.vcxproj -> D:\Nguli'ahh\Grafika Kom\tugas asdos\x64\Release\tugas asdos.exe
